#
# There is insufficient memory for the Java Runtime Environment to continue.
# Native memory allocation (mmap) failed to map 65536 bytes for Failed to commit metaspace.
# Possible reasons:
#   The system is out of physical RAM or swap space
#   The process is running with CompressedOops enabled, and the Java Heap may be blocking the growth of the native heap
# Possible solutions:
#   Reduce memory load on the system
#   Increase physical memory or swap space
#   Check if swap backing store is full
#   Decrease Java heap size (-Xmx/-Xms)
#   Decrease number of Java threads
#   Decrease Java thread stack sizes (-Xss)
#   Set larger code cache with -XX:ReservedCodeCacheSize=
#   JVM is running with Unscaled Compressed Oops mode in which the Java heap is
#     placed in the first 4GB address space. The Java Heap base address is the
#     maximum limit for the native heap growth. Please use -XX:HeapBaseMinAddress
#     to set the Java Heap base and to place the Java Heap above 4GB virtual address.
# This output file may be truncated or incomplete.
#
#  Out of Memory Error (virtualSpaceNode.cpp:110), pid=9912, tid=1520
#
# JRE version: Java(TM) SE Runtime Environment (17.0.9+11) (build 17.0.9+11-LTS-201)
# Java VM: Java HotSpot(TM) 64-Bit Server VM (17.0.9+11-LTS-201, mixed mode, sharing, tiered, compressed oops, compressed class ptrs, g1 gc, windows-amd64)
# No core dump will be written. Minidumps are not enabled by default on client versions of Windows
#

---------------  S U M M A R Y ------------

Command Line: -agentlib:jdwp=transport=dt_socket,address=127.0.0.1:64837,suspend=y,server=n -javaagent:C:\Users\Account_Test\AppData\Local\JetBrains\IdeaIC2023.3\captureAgent\debugger-agent.jar -Dfile.encoding=UTF-8 com.example.project.ProjectApplication

Host: Intel(R) Core(TM) i5-8250U CPU @ 1.60GHz, 8 cores, 7G,  Windows 11 , 64 bit Build 22621 (10.0.22621.3374)
Time: Wed May  8 22:20:58 2024 SE Asia Standard Time elapsed time: 19.008671 seconds (0d 0h 0m 19s)

---------------  T H R E A D  ---------------

Current thread (0x00000235ce4e8e50):  JavaThread "main" [_thread_in_vm, id=1520, stack(0x00000042cdf00000,0x00000042ce000000)]

Stack: [0x00000042cdf00000,0x00000042ce000000]
Native frames: (J=compiled Java code, j=interpreted, Vv=VM code, C=native code)
V  [jvm.dll+0x678a4a]
V  [jvm.dll+0x7d9cfd]
V  [jvm.dll+0x7db60e]
V  [jvm.dll+0x7dbc73]
V  [jvm.dll+0x245e1f]
V  [jvm.dll+0x7d5a0b]
V  [jvm.dll+0x61ebc6]
V  [jvm.dll+0x1c01f7]
V  [jvm.dll+0x621530]
V  [jvm.dll+0x61f586]
V  [jvm.dll+0x23b871]
V  [jvm.dll+0x1ea6f7]
V  [jvm.dll+0x1e0391]
V  [jvm.dll+0x53eaec]
V  [jvm.dll+0x754538]
V  [jvm.dll+0x754624]
V  [jvm.dll+0x40c73f]
V  [jvm.dll+0x412759]
C  [java.dll+0x17ec]

Java frames: (J=compiled Java code, j=interpreted, Vv=VM code)
J 814  java.lang.ClassLoader.defineClass1(Ljava/lang/ClassLoader;Ljava/lang/String;[BIILjava/security/ProtectionDomain;Ljava/lang/String;)Ljava/lang/Class; java.base@17.0.9 (0 bytes) @ 0x00000235df085263 [0x00000235df0851a0+0x00000000000000c3]
J 4470 c2 java.security.SecureClassLoader.defineClass(Ljava/lang/String;[BIILjava/security/CodeSource;)Ljava/lang/Class; java.base@17.0.9 (16 bytes) @ 0x00000235df398fe0 [0x00000235df398860+0x0000000000000780]
J 4455 c2 jdk.internal.loader.BuiltinClassLoader.defineClass(Ljava/lang/String;Ljdk/internal/loader/Resource;)Ljava/lang/Class; java.base@17.0.9 (121 bytes) @ 0x00000235df39ff80 [0x00000235df39f060+0x0000000000000f20]
J 4811 c2 jdk.internal.loader.BuiltinClassLoader.findClassOnClassPathOrNull(Ljava/lang/String;)Ljava/lang/Class; java.base@17.0.9 (64 bytes) @ 0x00000235df3cac40 [0x00000235df3ca580+0x00000000000006c0]
J 3083 c2 jdk.internal.loader.BuiltinClassLoader.loadClassOrNull(Ljava/lang/String;Z)Ljava/lang/Class; java.base@17.0.9 (143 bytes) @ 0x00000235df1d8a4c [0x00000235df1d7520+0x000000000000152c]
J 4718 c2 java.lang.ClassLoader.loadClass(Ljava/lang/String;)Ljava/lang/Class; java.base@17.0.9 (7 bytes) @ 0x00000235df397b38 [0x00000235df397ac0+0x0000000000000078]
v  ~StubRoutines::call_stub
j  org.hibernate.metamodel.mapping.internal.MappingModelCreationHelper.interpretElement(Lorg/hibernate/mapping/Collection;Ljava/lang/String;Lorg/hibernate/persister/collection/CollectionPersister;Ljava/lang/String;Lorg/hibernate/dialect/Dialect;Lorg/hibernate/metamodel/mapping/internal/MappingModelCreationProcess;)Lorg/hibernate/metamodel/mapping/CollectionPart;+173
j  org.hibernate.metamodel.mapping.internal.MappingModelCreationHelper.buildPluralAttributeMapping(Ljava/lang/String;IILorg/hibernate/mapping/Property;Lorg/hibernate/metamodel/mapping/ManagedMappingType;Lorg/hibernate/property/access/spi/PropertyAccess;Lorg/hibernate/engine/spi/CascadeStyle;Lorg/hibernate/FetchMode;Lorg/hibernate/metamodel/mapping/internal/MappingModelCreationProcess;Ljava/util/function/Function;)Lorg/hibernate/metamodel/mapping/PluralAttributeMapping;+112
j  org.hibernate.metamodel.mapping.internal.MappingModelCreationHelper.buildPluralAttributeMapping(Ljava/lang/String;IILorg/hibernate/mapping/Property;Lorg/hibernate/metamodel/mapping/ManagedMappingType;Lorg/hibernate/property/access/spi/PropertyAccess;Lorg/hibernate/engine/spi/CascadeStyle;Lorg/hibernate/FetchMode;Lorg/hibernate/metamodel/mapping/internal/MappingModelCreationProcess;)Lorg/hibernate/metamodel/mapping/PluralAttributeMapping;+17
j  org.hibernate.persister.entity.AbstractEntityPersister.buildPluralAttributeMapping(Ljava/lang/String;IILorg/hibernate/mapping/Property;Lorg/hibernate/metamodel/mapping/ManagedMappingType;Lorg/hibernate/property/access/spi/PropertyAccess;Lorg/hibernate/engine/spi/CascadeStyle;Lorg/hibernate/FetchMode;Lorg/hibernate/metamodel/mapping/internal/MappingModelCreationProcess;)Lorg/hibernate/metamodel/mapping/AttributeMapping;+15
j  org.hibernate.persister.entity.AbstractEntityPersister.generateNonIdAttributeMapping(Lorg/hibernate/tuple/NonIdentifierAttribute;Lorg/hibernate/mapping/Property;IILorg/hibernate/metamodel/mapping/internal/MappingModelCreationProcess;)Lorg/hibernate/metamodel/mapping/AttributeMapping;+881
j  org.hibernate.persister.entity.AbstractEntityPersister.prepareMappingModel(Lorg/hibernate/metamodel/mapping/internal/MappingModelCreationProcess;)V+305
j  org.hibernate.metamodel.mapping.internal.MappingModelCreationProcess.execute()V+96
j  org.hibernate.metamodel.mapping.internal.MappingModelCreationProcess.process(Lorg/hibernate/metamodel/model/domain/internal/EntityPersisterConcurrentMap;Lorg/hibernate/metamodel/spi/RuntimeModelCreationContext;)V+11
j  org.hibernate.metamodel.model.domain.internal.MappingMetamodelImpl.finishInitialization(Lorg/hibernate/metamodel/spi/RuntimeModelCreationContext;)V+112
j  org.hibernate.internal.SessionFactoryImpl.initializeMappingModel(Lorg/hibernate/metamodel/model/domain/internal/MappingMetamodelImpl;Lorg/hibernate/boot/spi/BootstrapContext;Lorg/hibernate/boot/spi/MetadataImplementor;Lorg/hibernate/boot/spi/SessionFactoryOptions;)V+18
j  org.hibernate.internal.SessionFactoryImpl.<init>(Lorg/hibernate/boot/spi/MetadataImplementor;Lorg/hibernate/boot/spi/SessionFactoryOptions;Lorg/hibernate/boot/spi/BootstrapContext;)V+511
j  org.hibernate.boot.internal.SessionFactoryBuilderImpl.build()Lorg/hibernate/SessionFactory;+16
j  org.hibernate.jpa.boot.internal.EntityManagerFactoryBuilderImpl.build()Ljakarta/persistence/EntityManagerFactory;+22
j  org.springframework.orm.jpa.vendor.SpringHibernateJpaPersistenceProvider.createContainerEntityManagerFactory(Ljakarta/persistence/spi/PersistenceUnitInfo;Ljava/util/Map;)Ljakarta/persistence/EntityManagerFactory;+59
j  org.springframework.orm.jpa.LocalContainerEntityManagerFactoryBean.createNativeEntityManagerFactory()Ljakarta/persistence/EntityManagerFactory;+111
j  org.springframework.orm.jpa.AbstractEntityManagerFactoryBean.buildNativeEntityManagerFactory()Ljakarta/persistence/EntityManagerFactory;+1
j  org.springframework.orm.jpa.AbstractEntityManagerFactoryBean.afterPropertiesSet()V+192
j  org.springframework.orm.jpa.LocalContainerEntityManagerFactoryBean.afterPropertiesSet()V+84
j  org.springframework.beans.factory.support.AbstractAutowireCapableBeanFactory.invokeInitMethods(Ljava/lang/String;Ljava/lang/Object;Lorg/springframework/beans/factory/support/RootBeanDefinition;)V+56
j  org.springframework.beans.factory.support.AbstractAutowireCapableBeanFactory.initializeBean(Ljava/lang/String;Ljava/lang/Object;Lorg/springframework/beans/factory/support/RootBeanDefinition;)Ljava/lang/Object;+34
j  org.springframework.beans.factory.support.AbstractAutowireCapableBeanFactory.doCreateBean(Ljava/lang/String;Lorg/springframework/beans/factory/support/RootBeanDefinition;[Ljava/lang/Object;)Ljava/lang/Object;+228
j  org.springframework.beans.factory.support.AbstractAutowireCapableBeanFactory.createBean(Ljava/lang/String;Lorg/springframework/beans/factory/support/RootBeanDefinition;[Ljava/lang/Object;)Ljava/lang/Object;+153
j  org.springframework.beans.factory.support.AbstractBeanFactory.lambda$doGetBean$0(Ljava/lang/String;Lorg/springframework/beans/factory/support/RootBeanDefinition;[Ljava/lang/Object;)Ljava/lang/Object;+4
j  org.springframework.beans.factory.support.AbstractBeanFactory$$Lambda$250+0x00000235811c1cb8.getObject()Ljava/lang/Object;+16
j  org.springframework.beans.factory.support.DefaultSingletonBeanRegistry.getSingleton(Ljava/lang/String;Lorg/springframework/beans/factory/ObjectFactory;)Ljava/lang/Object;+114
J 2627 c1 org.springframework.beans.factory.support.AbstractBeanFactory.doGetBean(Ljava/lang/String;Ljava/lang/Class;[Ljava/lang/Object;Z)Ljava/lang/Object; (740 bytes) @ 0x00000235d7aac144 [0x00000235d7aa9e60+0x00000000000022e4]
j  org.springframework.beans.factory.support.AbstractBeanFactory.getBean(Ljava/lang/String;)Ljava/lang/Object;+5
j  org.springframework.context.support.AbstractApplicationContext.getBean(Ljava/lang/String;)Ljava/lang/Object;+9
j  org.springframework.context.support.AbstractApplicationContext.finishBeanFactoryInitialization(Lorg/springframework/beans/factory/config/ConfigurableListableBeanFactory;)V+106
j  org.springframework.context.support.AbstractApplicationContext.refresh()V+94
j  org.springframework.boot.web.servlet.context.ServletWebServerApplicationContext.refresh()V+1
j  org.springframework.boot.SpringApplication.refresh(Lorg/springframework/context/ConfigurableApplicationContext;)V+1
j  org.springframework.boot.SpringApplication.refreshContext(Lorg/springframework/context/ConfigurableApplicationContext;)V+16
j  org.springframework.boot.SpringApplication.run([Ljava/lang/String;)Lorg/springframework/context/ConfigurableApplicationContext;+110
j  org.springframework.boot.SpringApplication.run([Ljava/lang/Class;[Ljava/lang/String;)Lorg/springframework/context/ConfigurableApplicationContext;+9
j  org.springframework.boot.SpringApplication.run(Ljava/lang/Class;[Ljava/lang/String;)Lorg/springframework/context/ConfigurableApplicationContext;+9
j  com.example.project.ProjectApplication.main([Ljava/lang/String;)V+3
v  ~StubRoutines::call_stub

---------------  P R O C E S S  ---------------

Threads class SMR info:
_java_thread_list=0x00000235f43a2ad0, length=21, elements={
0x00000235ce4e8e50, 0x00000235ee53b4a0, 0x00000235ee53c230, 0x00000235ee54ad20,
0x00000235ee54d810, 0x00000235ee5501f0, 0x00000235ee550ac0, 0x00000235ee557080,
0x00000235ee562480, 0x00000235ee575b70, 0x00000235ee526130, 0x00000235ee8254a0,
0x00000235ee7dfb90, 0x00000235ee842a60, 0x00000235ee86b060, 0x00000235f4346ed0,
0x00000235f4345a90, 0x00000235f43473e0, 0x00000235f4345070, 0x00000235f4343c30,
0x00000235f4344140
}

Java Threads: ( => current thread )
=>0x00000235ce4e8e50 JavaThread "main" [_thread_in_vm, id=1520, stack(0x00000042cdf00000,0x00000042ce000000)]
  0x00000235ee53b4a0 JavaThread "Reference Handler" daemon [_thread_blocked, id=5752, stack(0x00000042ce600000,0x00000042ce700000)]
  0x00000235ee53c230 JavaThread "Finalizer" daemon [_thread_blocked, id=8984, stack(0x00000042ce700000,0x00000042ce800000)]
  0x00000235ee54ad20 JavaThread "Signal Dispatcher" daemon [_thread_blocked, id=11876, stack(0x00000042ce800000,0x00000042ce900000)]
  0x00000235ee54d810 JavaThread "Attach Listener" daemon [_thread_blocked, id=7784, stack(0x00000042ce900000,0x00000042cea00000)]
  0x00000235ee5501f0 JavaThread "Service Thread" daemon [_thread_blocked, id=780, stack(0x00000042cea00000,0x00000042ceb00000)]
  0x00000235ee550ac0 JavaThread "Monitor Deflation Thread" daemon [_thread_blocked, id=2444, stack(0x00000042ceb00000,0x00000042cec00000)]
  0x00000235ee557080 JavaThread "C2 CompilerThread0" daemon [_thread_blocked, id=10776, stack(0x00000042cec00000,0x00000042ced00000)]
  0x00000235ee562480 JavaThread "C1 CompilerThread0" daemon [_thread_blocked, id=476, stack(0x00000042ced00000,0x00000042cee00000)]
  0x00000235ee575b70 JavaThread "Sweeper thread" daemon [_thread_blocked, id=7860, stack(0x00000042cee00000,0x00000042cef00000)]
  0x00000235ee526130 JavaThread "Common-Cleaner" daemon [_thread_blocked, id=6380, stack(0x00000042cef00000,0x00000042cf000000)]
  0x00000235ee8254a0 JavaThread "JDWP Transport Listener: dt_socket" daemon [_thread_blocked, id=716, stack(0x00000042cf000000,0x00000042cf100000)]
  0x00000235ee7dfb90 JavaThread "JDWP Event Helper Thread" daemon [_thread_blocked, id=852, stack(0x00000042cf100000,0x00000042cf200000)]
  0x00000235ee842a60 JavaThread "JDWP Command Reader" daemon [_thread_in_native, id=8388, stack(0x00000042cf200000,0x00000042cf300000)]
  0x00000235ee86b060 JavaThread "Notification Thread" daemon [_thread_blocked, id=10260, stack(0x00000042cf300000,0x00000042cf400000)]
  0x00000235f4346ed0 JavaThread "Catalina-utility-1" [_thread_blocked, id=11540, stack(0x00000042cfe00000,0x00000042cff00000)]
  0x00000235f4345a90 JavaThread "Catalina-utility-2" [_thread_blocked, id=7412, stack(0x00000042d0000000,0x00000042d0100000)]
  0x00000235f43473e0 JavaThread "container-0" [_thread_blocked, id=4880, stack(0x00000042d0100000,0x00000042d0200000)]
  0x00000235f4345070 JavaThread "mysql-cj-abandoned-connection-cleanup" daemon [_thread_blocked, id=3436, stack(0x00000042d0200000,0x00000042d0300000)]
  0x00000235f4343c30 JavaThread "HikariPool-1 housekeeper" daemon [_thread_blocked, id=5804, stack(0x00000042d0400000,0x00000042d0500000)]
  0x00000235f4344140 JavaThread "HikariPool-1 connection adder" daemon [_thread_blocked, id=10832, stack(0x00000042cfd00000,0x00000042cfe00000)]

Other Threads:
  0x00000235ee537380 VMThread "VM Thread" [stack: 0x00000042ce500000,0x00000042ce600000] [id=12352]
  0x00000235ce557dc0 WatcherThread [stack: 0x00000042cf400000,0x00000042cf500000] [id=10136]
  0x00000235ce542d10 GCTaskThread "GC Thread#0" [stack: 0x00000042ce000000,0x00000042ce100000] [id=9196]
  0x00000235f3d990b0 GCTaskThread "GC Thread#1" [stack: 0x00000042cf500000,0x00000042cf600000] [id=2636]
  0x00000235f35b78c0 GCTaskThread "GC Thread#2" [stack: 0x00000042cf600000,0x00000042cf700000] [id=2420]
  0x00000235f33ae790 GCTaskThread "GC Thread#3" [stack: 0x00000042cf700000,0x00000042cf800000] [id=8064]
  0x00000235f33aea50 GCTaskThread "GC Thread#4" [stack: 0x00000042cf800000,0x00000042cf900000] [id=8948]
  0x00000235f3d318f0 GCTaskThread "GC Thread#5" [stack: 0x00000042cf900000,0x00000042cfa00000] [id=968]
  0x00000235f3d31dc0 GCTaskThread "GC Thread#6" [stack: 0x00000042cfa00000,0x00000042cfb00000] [id=11656]
  0x00000235f3d32080 GCTaskThread "GC Thread#7" [stack: 0x00000042cfb00000,0x00000042cfc00000] [id=11608]
  0x00000235ce550870 ConcurrentGCThread "G1 Main Marker" [stack: 0x00000042ce100000,0x00000042ce200000] [id=2284]
  0x00000235ce49e890 ConcurrentGCThread "G1 Conc#0" [stack: 0x00000042ce200000,0x00000042ce300000] [id=9572]
  0x00000235f41a6f10 ConcurrentGCThread "G1 Conc#1" [stack: 0x00000042cff00000,0x00000042d0000000] [id=1408]
  0x00000235ee3f30e0 ConcurrentGCThread "G1 Refine#0" [stack: 0x00000042ce300000,0x00000042ce400000] [id=7820]
  0x00000235ee3f4a30 ConcurrentGCThread "G1 Service" [stack: 0x00000042ce400000,0x00000042ce500000] [id=8148]

Threads with active compile tasks:

VM state: not at safepoint (normal execution)

VM Mutex/Monitor currently owned by a thread:  ([mutex/lock_event])
[0x00000235ce4e3820] Metaspace_lock - owner thread: 0x00000235ce4e8e50

Heap address: 0x0000000082000000, size: 2016 MB, Compressed Oops mode: 32-bit

CDS archive(s) mapped at: [0x0000023580000000-0x0000023580bd0000-0x0000023580bd0000), size 12386304, SharedBaseAddress: 0x0000023580000000, ArchiveRelocationMode: 1.
Compressed class space mapped at: 0x0000023581000000-0x00000235c1000000, reserved size: 1073741824
Narrow klass base: 0x0000023580000000, Narrow klass shift: 0, Narrow klass range: 0x100000000

GC Precious Log:
 CPUs: 8 total, 8 available
 Memory: 8056M
 Large Page Support: Disabled
 NUMA Support: Disabled
 Compressed Oops: Enabled (32-bit)
 Heap Region Size: 1M
 Heap Min Capacity: 8M
 Heap Initial Capacity: 126M
 Heap Max Capacity: 2016M
 Pre-touch: Disabled
 Parallel Workers: 8
 Concurrent Workers: 2
 Concurrent Refinement Workers: 8
 Periodic GC: Disabled

Heap:
 garbage-first heap   total 80896K, used 29772K [0x0000000082000000, 0x0000000100000000)
  region size 1024K, 10 young (10240K), 4 survivors (4096K)
 Metaspace       used 55654K, committed 56128K, reserved 1114112K
  class space    used 7534K, committed 7808K, reserved 1048576K

Heap Regions: E=young(eden), S=young(survivor), O=old, HS=humongous(starts), HC=humongous(continues), CS=collection set, F=free, OA=open archive, CA=closed archive, TAMS=top-at-mark-start (previous, next)
|   0|0x0000000082000000, 0x0000000082100000, 0x0000000082100000|100%|HS|  |TAMS 0x0000000082100000, 0x0000000082000000| Complete 
|   1|0x0000000082100000, 0x0000000082200000, 0x0000000082200000|100%| O|  |TAMS 0x0000000082200000, 0x0000000082100000| Untracked 
|   2|0x0000000082200000, 0x0000000082300000, 0x0000000082300000|100%| O|  |TAMS 0x0000000082300000, 0x0000000082200000| Untracked 
|   3|0x0000000082300000, 0x0000000082400000, 0x0000000082400000|100%| O|  |TAMS 0x0000000082400000, 0x0000000082300000| Untracked 
|   4|0x0000000082400000, 0x0000000082500000, 0x0000000082500000|100%| O|  |TAMS 0x0000000082500000, 0x0000000082400000| Untracked 
|   5|0x0000000082500000, 0x0000000082600000, 0x0000000082600000|100%| O|  |TAMS 0x0000000082600000, 0x0000000082500000| Untracked 
|   6|0x0000000082600000, 0x0000000082700000, 0x0000000082700000|100%| O|  |TAMS 0x0000000082700000, 0x0000000082600000| Untracked 
|   7|0x0000000082700000, 0x0000000082800000, 0x0000000082800000|100%| O|  |TAMS 0x0000000082800000, 0x0000000082700000| Untracked 
|   8|0x0000000082800000, 0x0000000082900000, 0x0000000082900000|100%| O|  |TAMS 0x0000000082900000, 0x0000000082800000| Untracked 
|   9|0x0000000082900000, 0x0000000082a00000, 0x0000000082a00000|100%| O|  |TAMS 0x0000000082a00000, 0x0000000082900000| Untracked 
|  10|0x0000000082a00000, 0x0000000082b00000, 0x0000000082b00000|100%| O|  |TAMS 0x0000000082b00000, 0x0000000082a00000| Untracked 
|  11|0x0000000082b00000, 0x0000000082c00000, 0x0000000082c00000|100%| O|  |TAMS 0x0000000082c00000, 0x0000000082b00000| Untracked 
|  12|0x0000000082c00000, 0x0000000082d00000, 0x0000000082d00000|100%| O|  |TAMS 0x0000000082d00000, 0x0000000082c00000| Untracked 
|  13|0x0000000082d00000, 0x0000000082e00000, 0x0000000082e00000|100%| O|  |TAMS 0x0000000082e00000, 0x0000000082d00000| Untracked 
|  14|0x0000000082e00000, 0x0000000082f00000, 0x0000000082f00000|100%| O|  |TAMS 0x0000000082f00000, 0x0000000082e00000| Untracked 
|  15|0x0000000082f00000, 0x0000000082f00000, 0x0000000083000000|  0%| F|  |TAMS 0x0000000082f00000, 0x0000000082f00000| Untracked 
|  16|0x0000000083000000, 0x0000000083100000, 0x0000000083100000|100%| O|  |TAMS 0x0000000083100000, 0x0000000083000000| Untracked 
|  17|0x0000000083100000, 0x0000000083200000, 0x0000000083200000|100%| O|  |TAMS 0x0000000083200000, 0x0000000083100000| Untracked 
|  18|0x0000000083200000, 0x0000000083300000, 0x0000000083300000|100%| O|  |TAMS 0x00000000832c2000, 0x0000000083200000| Untracked 
|  19|0x0000000083300000, 0x0000000083400000, 0x0000000083400000|100%| O|  |TAMS 0x0000000083300000, 0x0000000083300000| Untracked 
|  20|0x0000000083400000, 0x0000000083500000, 0x0000000083500000|100%| O|  |TAMS 0x0000000083400000, 0x0000000083400000| Untracked 
|  21|0x0000000083500000, 0x00000000835c4800, 0x0000000083600000| 76%| O|  |TAMS 0x0000000083500000, 0x0000000083500000| Untracked 
|  22|0x0000000083600000, 0x0000000083600000, 0x0000000083700000|  0%| F|  |TAMS 0x0000000083600000, 0x0000000083600000| Untracked 
|  23|0x0000000083700000, 0x0000000083700000, 0x0000000083800000|  0%| F|  |TAMS 0x0000000083700000, 0x0000000083700000| Untracked 
|  24|0x0000000083800000, 0x0000000083800000, 0x0000000083900000|  0%| F|  |TAMS 0x0000000083800000, 0x0000000083800000| Untracked 
|  25|0x0000000083900000, 0x0000000083900000, 0x0000000083a00000|  0%| F|  |TAMS 0x0000000083900000, 0x0000000083900000| Untracked 
|  26|0x0000000083a00000, 0x0000000083a00000, 0x0000000083b00000|  0%| F|  |TAMS 0x0000000083a00000, 0x0000000083a00000| Untracked 
|  27|0x0000000083b00000, 0x0000000083b00000, 0x0000000083c00000|  0%| F|  |TAMS 0x0000000083b00000, 0x0000000083b00000| Untracked 
|  28|0x0000000083c00000, 0x0000000083c00000, 0x0000000083d00000|  0%| F|  |TAMS 0x0000000083c00000, 0x0000000083c00000| Untracked 
|  29|0x0000000083d00000, 0x0000000083d00000, 0x0000000083e00000|  0%| F|  |TAMS 0x0000000083d00000, 0x0000000083d00000| Untracked 
|  30|0x0000000083e00000, 0x0000000083e00000, 0x0000000083f00000|  0%| F|  |TAMS 0x0000000083e00000, 0x0000000083e00000| Untracked 
|  31|0x0000000083f00000, 0x0000000083f00000, 0x0000000084000000|  0%| F|  |TAMS 0x0000000083f00000, 0x0000000083f00000| Untracked 
|  32|0x0000000084000000, 0x0000000084000000, 0x0000000084100000|  0%| F|  |TAMS 0x0000000084000000, 0x0000000084000000| Untracked 
|  33|0x0000000084100000, 0x0000000084100000, 0x0000000084200000|  0%| F|  |TAMS 0x0000000084100000, 0x0000000084100000| Untracked 
|  34|0x0000000084200000, 0x0000000084200000, 0x0000000084300000|  0%| F|  |TAMS 0x0000000084200000, 0x0000000084200000| Untracked 
|  35|0x0000000084300000, 0x000000008434e970, 0x0000000084400000| 30%| S|CS|TAMS 0x0000000084300000, 0x0000000084300000| Complete 
|  36|0x0000000084400000, 0x0000000084500000, 0x0000000084500000|100%| S|CS|TAMS 0x0000000084400000, 0x0000000084400000| Complete 
|  37|0x0000000084500000, 0x0000000084600000, 0x0000000084600000|100%| S|CS|TAMS 0x0000000084500000, 0x0000000084500000| Complete 
|  38|0x0000000084600000, 0x0000000084700000, 0x0000000084700000|100%| S|CS|TAMS 0x0000000084600000, 0x0000000084600000| Complete 
|  39|0x0000000084700000, 0x0000000084700000, 0x0000000084800000|  0%| F|  |TAMS 0x0000000084700000, 0x0000000084700000| Untracked 
|  40|0x0000000084800000, 0x0000000084800000, 0x0000000084900000|  0%| F|  |TAMS 0x0000000084800000, 0x0000000084800000| Untracked 
|  41|0x0000000084900000, 0x0000000084900000, 0x0000000084a00000|  0%| F|  |TAMS 0x0000000084900000, 0x0000000084900000| Untracked 
|  42|0x0000000084a00000, 0x0000000084a00000, 0x0000000084b00000|  0%| F|  |TAMS 0x0000000084a00000, 0x0000000084a00000| Untracked 
|  43|0x0000000084b00000, 0x0000000084b00000, 0x0000000084c00000|  0%| F|  |TAMS 0x0000000084b00000, 0x0000000084b00000| Untracked 
|  44|0x0000000084c00000, 0x0000000084c00000, 0x0000000084d00000|  0%| F|  |TAMS 0x0000000084c00000, 0x0000000084c00000| Untracked 
|  45|0x0000000084d00000, 0x0000000084d00000, 0x0000000084e00000|  0%| F|  |TAMS 0x0000000084d00000, 0x0000000084d00000| Untracked 
|  46|0x0000000084e00000, 0x0000000084e00000, 0x0000000084f00000|  0%| F|  |TAMS 0x0000000084e00000, 0x0000000084e00000| Untracked 
|  47|0x0000000084f00000, 0x0000000084f00000, 0x0000000085000000|  0%| F|  |TAMS 0x0000000084f00000, 0x0000000084f00000| Untracked 
|  48|0x0000000085000000, 0x0000000085000000, 0x0000000085100000|  0%| F|  |TAMS 0x0000000085000000, 0x0000000085000000| Untracked 
|  49|0x0000000085100000, 0x0000000085100000, 0x0000000085200000|  0%| F|  |TAMS 0x0000000085100000, 0x0000000085100000| Untracked 
|  50|0x0000000085200000, 0x0000000085200000, 0x0000000085300000|  0%| F|  |TAMS 0x0000000085200000, 0x0000000085200000| Untracked 
|  51|0x0000000085300000, 0x0000000085300000, 0x0000000085400000|  0%| F|  |TAMS 0x0000000085300000, 0x0000000085300000| Untracked 
|  52|0x0000000085400000, 0x0000000085400000, 0x0000000085500000|  0%| F|  |TAMS 0x0000000085400000, 0x0000000085400000| Untracked 
|  53|0x0000000085500000, 0x0000000085500000, 0x0000000085600000|  0%| F|  |TAMS 0x0000000085500000, 0x0000000085500000| Untracked 
|  54|0x0000000085600000, 0x0000000085600000, 0x0000000085700000|  0%| F|  |TAMS 0x0000000085600000, 0x0000000085600000| Untracked 
|  55|0x0000000085700000, 0x0000000085700000, 0x0000000085800000|  0%| F|  |TAMS 0x0000000085700000, 0x0000000085700000| Untracked 
|  56|0x0000000085800000, 0x0000000085800000, 0x0000000085900000|  0%| F|  |TAMS 0x0000000085800000, 0x0000000085800000| Untracked 
|  57|0x0000000085900000, 0x0000000085900000, 0x0000000085a00000|  0%| F|  |TAMS 0x0000000085900000, 0x0000000085900000| Untracked 
|  58|0x0000000085a00000, 0x0000000085a00000, 0x0000000085b00000|  0%| F|  |TAMS 0x0000000085a00000, 0x0000000085a00000| Untracked 
|  59|0x0000000085b00000, 0x0000000085b00000, 0x0000000085c00000|  0%| F|  |TAMS 0x0000000085b00000, 0x0000000085b00000| Untracked 
|  60|0x0000000085c00000, 0x0000000085c00000, 0x0000000085d00000|  0%| F|  |TAMS 0x0000000085c00000, 0x0000000085c00000| Untracked 
|  61|0x0000000085d00000, 0x0000000085d00000, 0x0000000085e00000|  0%| F|  |TAMS 0x0000000085d00000, 0x0000000085d00000| Untracked 
|  62|0x0000000085e00000, 0x0000000085e00000, 0x0000000085f00000|  0%| F|  |TAMS 0x0000000085e00000, 0x0000000085e00000| Untracked 
|  63|0x0000000085f00000, 0x0000000085f00000, 0x0000000086000000|  0%| F|  |TAMS 0x0000000085f00000, 0x0000000085f00000| Untracked 
|  64|0x0000000086000000, 0x0000000086000000, 0x0000000086100000|  0%| F|  |TAMS 0x0000000086000000, 0x0000000086000000| Untracked 
|  65|0x0000000086100000, 0x0000000086100000, 0x0000000086200000|  0%| F|  |TAMS 0x0000000086100000, 0x0000000086100000| Untracked 
|  66|0x0000000086200000, 0x0000000086200000, 0x0000000086300000|  0%| F|  |TAMS 0x0000000086200000, 0x0000000086200000| Untracked 
|  67|0x0000000086300000, 0x0000000086300000, 0x0000000086400000|  0%| F|  |TAMS 0x0000000086300000, 0x0000000086300000| Untracked 
|  68|0x0000000086400000, 0x0000000086400000, 0x0000000086500000|  0%| F|  |TAMS 0x0000000086400000, 0x0000000086400000| Untracked 
|  69|0x0000000086500000, 0x0000000086500000, 0x0000000086600000|  0%| F|  |TAMS 0x0000000086500000, 0x0000000086500000| Untracked 
|  70|0x0000000086600000, 0x0000000086600000, 0x0000000086700000|  0%| F|  |TAMS 0x0000000086600000, 0x0000000086600000| Untracked 
|  71|0x0000000086700000, 0x0000000086700000, 0x0000000086800000|  0%| F|  |TAMS 0x0000000086700000, 0x0000000086700000| Untracked 
|  72|0x0000000086800000, 0x0000000086800000, 0x0000000086900000|  0%| F|  |TAMS 0x0000000086800000, 0x0000000086800000| Untracked 
|  73|0x0000000086900000, 0x0000000086a00000, 0x0000000086a00000|100%| E|  |TAMS 0x0000000086900000, 0x0000000086900000| Complete 
|  74|0x0000000086a00000, 0x0000000086b00000, 0x0000000086b00000|100%| E|CS|TAMS 0x0000000086a00000, 0x0000000086a00000| Complete 
|  75|0x0000000086b00000, 0x0000000086c00000, 0x0000000086c00000|100%| E|CS|TAMS 0x0000000086b00000, 0x0000000086b00000| Complete 
|  76|0x0000000086c00000, 0x0000000086d00000, 0x0000000086d00000|100%| E|CS|TAMS 0x0000000086c00000, 0x0000000086c00000| Complete 
|  77|0x0000000086d00000, 0x0000000086e00000, 0x0000000086e00000|100%| E|CS|TAMS 0x0000000086d00000, 0x0000000086d00000| Complete 
| 125|0x0000000089d00000, 0x0000000089e00000, 0x0000000089e00000|100%| E|CS|TAMS 0x0000000089d00000, 0x0000000089d00000| Complete 

Card table byte_map: [0x00000235e73b0000,0x00000235e77a0000] _byte_map_base: 0x00000235e6fa0000

Marking Bits (Prev, Next): (CMBitMap*) 0x00000235ce544250, (CMBitMap*) 0x00000235ce544290
 Prev Bits: [0x00000235e7b90000, 0x00000235e9b10000)
 Next Bits: [0x00000235e9b10000, 0x00000235eba90000)

Polling page: 0x00000235ce370000

Metaspace:

Usage:
  Non-class:     46.99 MB used.
      Class:      7.36 MB used.
       Both:     54.35 MB used.

Virtual space:
  Non-class space:       64.00 MB reserved,      47.19 MB ( 74%) committed,  1 nodes.
      Class space:        1.00 GB reserved,       7.62 MB ( <1%) committed,  1 nodes.
             Both:        1.06 GB reserved,      54.81 MB (  5%) committed. 

Chunk freelists:
   Non-Class:  15.98 MB
       Class:  8.23 MB
        Both:  24.22 MB

MaxMetaspaceSize: unlimited
CompressedClassSpaceSize: 1.00 GB
Initial GC threshold: 21.00 MB
Current GC threshold: 58.75 MB
CDS: on
MetaspaceReclaimPolicy: balanced
 - commit_granule_bytes: 65536.
 - commit_granule_words: 8192.
 - virtual_space_node_default_size: 8388608.
 - enlarge_chunks_in_place: 1.
 - new_chunks_are_fully_committed: 0.
 - uncommit_free_chunks: 1.
 - use_allocation_guard: 0.
 - handle_deallocations: 1.


Internal statistics:

num_allocs_failed_limit: 6.
num_arena_births: 612.
num_arena_deaths: 0.
num_vsnodes_births: 2.
num_vsnodes_deaths: 0.
num_space_committed: 877.
num_space_uncommitted: 0.
num_chunks_returned_to_freelist: 6.
num_chunks_taken_from_freelist: 2565.
num_chunk_merges: 6.
num_chunk_splits: 1922.
num_chunks_enlarged: 1553.
num_inconsistent_stats: 0.

CodeHeap 'non-profiled nmethods': size=120000Kb used=3234Kb max_used=3737Kb free=116765Kb
 bounds [0x00000235df030000, 0x00000235df3e0000, 0x00000235e6560000]
CodeHeap 'profiled nmethods': size=120000Kb used=8681Kb max_used=10281Kb free=111318Kb
 bounds [0x00000235d7560000, 0x00000235d7f70000, 0x00000235dea90000]
CodeHeap 'non-nmethods': size=5760Kb used=1368Kb max_used=1525Kb free=4391Kb
 bounds [0x00000235dea90000, 0x00000235ded00000, 0x00000235df030000]
 total_blobs=5062 nmethods=4439 adapters=535
 compilation: enabled
              stopped_count=0, restarted_count=0
 full_count=0

Compilation events (20 events):
Event: 18.809 Thread 0x00000235f4adc080 nmethod 5048 0x00000235df06da10 code [0x00000235df06dc80, 0x00000235df06fb20]
Event: 18.810 Thread 0x00000235f4adc080 5136       4       java.util.LinkedHashMap$LinkedValueIterator::next (8 bytes)
Event: 18.815 Thread 0x00000235f4adc080 nmethod 5136 0x00000235df12aa90 code [0x00000235df12ac00, 0x00000235df12ae98]
Event: 18.815 Thread 0x00000235f4adc080 5144       4       java.util.LinkedHashMap::<init> (10 bytes)
Event: 18.817 Thread 0x00000235f4adc080 nmethod 5144 0x00000235df041d10 code [0x00000235df041e80, 0x00000235df041ef8]
Event: 18.817 Thread 0x00000235f4adc080 5119       4       java.lang.reflect.AccessibleObject::checkAccess (40 bytes)
Event: 18.833 Thread 0x00000235f4adc080 nmethod 5119 0x00000235df12a090 code [0x00000235df12a240, 0x00000235df12a758]
Event: 18.842 Thread 0x00000235ee557080 nmethod 5077 0x00000235df0d9190 code [0x00000235df0d9420, 0x00000235df0daca0]
Event: 18.875 Thread 0x00000235f4adeb00 nmethod 5106 0x00000235df170210 code [0x00000235df1704a0, 0x00000235df171ba0]
Event: 18.900 Thread 0x00000235ee562480 5165       3       java.lang.invoke.MethodHandles::filterArgumentsWithCombiner (9 bytes)
Event: 18.901 Thread 0x00000235ee562480 nmethod 5165 0x00000235d777be90 code [0x00000235d777c020, 0x00000235d777c168]
Event: 18.901 Thread 0x00000235ee562480 5166       3       java.lang.invoke.MethodHandles::filterArgumentChecks (44 bytes)
Event: 18.902 Thread 0x00000235ee562480 nmethod 5166 0x00000235d787d090 code [0x00000235d787d260, 0x00000235d787d688]
Event: 18.931 Thread 0x00000235ee557080 5167       4       java.lang.invoke.MethodType::equals (56 bytes)
Event: 18.946 Thread 0x00000235ee557080 nmethod 5167 0x00000235df0bcf90 code [0x00000235df0bd120, 0x00000235df0bd5b8]
Event: 18.993 Thread 0x00000235ee557080 5168       4       sun.invoke.util.VerifyAccess::isSamePackage (37 bytes)
Event: 18.993 Thread 0x00000235ee562480 5169       1       org.hibernate.type.AbstractStandardBasicType::getJdbcType (5 bytes)
Event: 18.994 Thread 0x00000235ee562480 nmethod 5169 0x00000235df0bcc90 code [0x00000235df0bce20, 0x00000235df0bcef8]
Event: 18.994 Thread 0x00000235ee562480 5170       1       org.hibernate.engine.jdbc.env.internal.JdbcEnvironmentImpl::getDialect (5 bytes)
Event: 18.994 Thread 0x00000235ee562480 nmethod 5170 0x00000235df0bc910 code [0x00000235df0bcaa0, 0x00000235df0bcb78]

GC Heap History (20 events):
Event: 6.916 GC heap before
{Heap before GC invocations=4 (full 0):
 garbage-first heap   total 55296K, used 39865K [0x0000000082000000, 0x0000000100000000)
  region size 1024K, 32 young (32768K), 7 survivors (7168K)
 Metaspace       used 23965K, committed 24192K, reserved 1114112K
  class space    used 3062K, committed 3136K, reserved 1048576K
}
Event: 6.938 GC heap after
{Heap after GC invocations=5 (full 0):
 garbage-first heap   total 55296K, used 15916K [0x0000000082000000, 0x0000000100000000)
  region size 1024K, 3 young (3072K), 3 survivors (3072K)
 Metaspace       used 23965K, committed 24192K, reserved 1114112K
  class space    used 3062K, committed 3136K, reserved 1048576K
}
Event: 7.023 GC heap before
{Heap before GC invocations=5 (full 0):
 garbage-first heap   total 55296K, used 16940K [0x0000000082000000, 0x0000000100000000)
  region size 1024K, 4 young (4096K), 3 survivors (3072K)
 Metaspace       used 24145K, committed 24384K, reserved 1114112K
  class space    used 3088K, committed 3200K, reserved 1048576K
}
Event: 7.034 GC heap after
{Heap after GC invocations=6 (full 0):
 garbage-first heap   total 55296K, used 15884K [0x0000000082000000, 0x0000000100000000)
  region size 1024K, 1 young (1024K), 1 survivors (1024K)
 Metaspace       used 24145K, committed 24384K, reserved 1114112K
  class space    used 3088K, committed 3200K, reserved 1048576K
}
Event: 8.967 GC heap before
{Heap before GC invocations=6 (full 0):
 garbage-first heap   total 55296K, used 38412K [0x0000000082000000, 0x0000000100000000)
  region size 1024K, 23 young (23552K), 1 survivors (1024K)
 Metaspace       used 27644K, committed 27968K, reserved 1114112K
  class space    used 3580K, committed 3712K, reserved 1048576K
}
Event: 8.986 GC heap after
{Heap after GC invocations=7 (full 0):
 garbage-first heap   total 55296K, used 17384K [0x0000000082000000, 0x0000000100000000)
  region size 1024K, 2 young (2048K), 2 survivors (2048K)
 Metaspace       used 27644K, committed 27968K, reserved 1114112K
  class space    used 3580K, committed 3712K, reserved 1048576K
}
Event: 10.669 GC heap before
{Heap before GC invocations=7 (full 0):
 garbage-first heap   total 55296K, used 39912K [0x0000000082000000, 0x0000000100000000)
  region size 1024K, 24 young (24576K), 2 survivors (2048K)
 Metaspace       used 31701K, committed 32128K, reserved 1114112K
  class space    used 4101K, committed 4288K, reserved 1048576K
}
Event: 10.690 GC heap after
{Heap after GC invocations=8 (full 0):
 garbage-first heap   total 55296K, used 19308K [0x0000000082000000, 0x0000000100000000)
  region size 1024K, 2 young (2048K), 2 survivors (2048K)
 Metaspace       used 31701K, committed 32128K, reserved 1114112K
  class space    used 4101K, committed 4288K, reserved 1048576K
}
Event: 12.301 GC heap before
{Heap before GC invocations=8 (full 0):
 garbage-first heap   total 55296K, used 39788K [0x0000000082000000, 0x0000000100000000)
  region size 1024K, 23 young (23552K), 2 survivors (2048K)
 Metaspace       used 34734K, committed 35200K, reserved 1114112K
  class space    used 4504K, committed 4736K, reserved 1048576K
}
Event: 12.310 GC heap after
{Heap after GC invocations=9 (full 0):
 garbage-first heap   total 55296K, used 20455K [0x0000000082000000, 0x0000000100000000)
  region size 1024K, 2 young (2048K), 2 survivors (2048K)
 Metaspace       used 34734K, committed 35200K, reserved 1114112K
  class space    used 4504K, committed 4736K, reserved 1048576K
}
Event: 12.569 GC heap before
{Heap before GC invocations=9 (full 0):
 garbage-first heap   total 55296K, used 23527K [0x0000000082000000, 0x0000000100000000)
  region size 1024K, 6 young (6144K), 2 survivors (2048K)
 Metaspace       used 35527K, committed 35968K, reserved 1114112K
  class space    used 4626K, committed 4864K, reserved 1048576K
}
Event: 12.576 GC heap after
{Heap after GC invocations=10 (full 0):
 garbage-first heap   total 55296K, used 20478K [0x0000000082000000, 0x0000000100000000)
  region size 1024K, 2 young (2048K), 2 survivors (2048K)
 Metaspace       used 35527K, committed 35968K, reserved 1114112K
  class space    used 4626K, committed 4864K, reserved 1048576K
}
Event: 14.073 GC heap before
{Heap before GC invocations=11 (full 0):
 garbage-first heap   total 55296K, used 40958K [0x0000000082000000, 0x0000000100000000)
  region size 1024K, 23 young (23552K), 2 survivors (2048K)
 Metaspace       used 40389K, committed 40896K, reserved 1114112K
  class space    used 5328K, committed 5568K, reserved 1048576K
}
Event: 14.078 GC heap after
{Heap after GC invocations=12 (full 0):
 garbage-first heap   total 55296K, used 21769K [0x0000000082000000, 0x0000000100000000)
  region size 1024K, 3 young (3072K), 3 survivors (3072K)
 Metaspace       used 40389K, committed 40896K, reserved 1114112K
  class space    used 5328K, committed 5568K, reserved 1048576K
}
Event: 14.194 GC heap before
{Heap before GC invocations=12 (full 0):
 garbage-first heap   total 55296K, used 22793K [0x0000000082000000, 0x0000000100000000)
  region size 1024K, 4 young (4096K), 3 survivors (3072K)
 Metaspace       used 40829K, committed 41216K, reserved 1114112K
  class space    used 5383K, committed 5568K, reserved 1048576K
}
Event: 14.199 GC heap after
{Heap after GC invocations=13 (full 0):
 garbage-first heap   total 55296K, used 21674K [0x0000000082000000, 0x0000000100000000)
  region size 1024K, 1 young (1024K), 1 survivors (1024K)
 Metaspace       used 40829K, committed 41216K, reserved 1114112K
  class space    used 5383K, committed 5568K, reserved 1048576K
}
Event: 15.539 GC heap before
{Heap before GC invocations=13 (full 0):
 garbage-first heap   total 55296K, used 42154K [0x0000000082000000, 0x0000000100000000)
  region size 1024K, 21 young (21504K), 1 survivors (1024K)
 Metaspace       used 45496K, committed 45888K, reserved 1114112K
  class space    used 6018K, committed 6208K, reserved 1048576K
}
Event: 15.543 GC heap after
{Heap after GC invocations=14 (full 0):
 garbage-first heap   total 80896K, used 23126K [0x0000000082000000, 0x0000000100000000)
  region size 1024K, 2 young (2048K), 2 survivors (2048K)
 Metaspace       used 45496K, committed 45888K, reserved 1114112K
  class space    used 6018K, committed 6208K, reserved 1048576K
}
Event: 18.582 GC heap before
{Heap before GC invocations=14 (full 0):
 garbage-first heap   total 80896K, used 64086K [0x0000000082000000, 0x0000000100000000)
  region size 1024K, 42 young (43008K), 2 survivors (2048K)
 Metaspace       used 54866K, committed 55360K, reserved 1114112K
  class space    used 7433K, committed 7680K, reserved 1048576K
}
Event: 18.589 GC heap after
{Heap after GC invocations=15 (full 0):
 garbage-first heap   total 80896K, used 24652K [0x0000000082000000, 0x0000000100000000)
  region size 1024K, 4 young (4096K), 4 survivors (4096K)
 Metaspace       used 54866K, committed 55360K, reserved 1114112K
  class space    used 7433K, committed 7680K, reserved 1048576K
}

Deoptimization events (20 events):
Event: 18.392 Thread 0x00000235ce4e8e50 DEOPT PACKING pc=0x00000235df1ec658 sp=0x00000042cdffc840
Event: 18.392 Thread 0x00000235ce4e8e50 DEOPT UNPACKING pc=0x00000235deae2b43 sp=0x00000042cdffbcd0 mode 1
Event: 18.393 Thread 0x00000235ce4e8e50 DEOPT PACKING pc=0x00000235df1ec658 sp=0x00000042cdffc840
Event: 18.393 Thread 0x00000235ce4e8e50 DEOPT UNPACKING pc=0x00000235deae2b43 sp=0x00000042cdffbcd0 mode 1
Event: 18.397 Thread 0x00000235ce4e8e50 DEOPT PACKING pc=0x00000235df1ec658 sp=0x00000042cdffc860
Event: 18.397 Thread 0x00000235ce4e8e50 DEOPT UNPACKING pc=0x00000235deae2b43 sp=0x00000042cdffbcf0 mode 1
Event: 18.397 Thread 0x00000235ce4e8e50 DEOPT PACKING pc=0x00000235df1ec658 sp=0x00000042cdffc860
Event: 18.397 Thread 0x00000235ce4e8e50 DEOPT UNPACKING pc=0x00000235deae2b43 sp=0x00000042cdffbcf0 mode 1
Event: 18.481 Thread 0x00000235ce4e8e50 DEOPT PACKING pc=0x00000235df1ec658 sp=0x00000042cdffc7d0
Event: 18.481 Thread 0x00000235ce4e8e50 DEOPT UNPACKING pc=0x00000235deae2b43 sp=0x00000042cdffbc60 mode 1
Event: 18.482 Thread 0x00000235ce4e8e50 DEOPT PACKING pc=0x00000235df1ec658 sp=0x00000042cdffc7d0
Event: 18.482 Thread 0x00000235ce4e8e50 DEOPT UNPACKING pc=0x00000235deae2b43 sp=0x00000042cdffbc60 mode 1
Event: 18.496 Thread 0x00000235ce4e8e50 DEOPT PACKING pc=0x00000235df1ec658 sp=0x00000042cdffc5a0
Event: 18.496 Thread 0x00000235ce4e8e50 DEOPT UNPACKING pc=0x00000235deae2b43 sp=0x00000042cdffba30 mode 1
Event: 18.497 Thread 0x00000235ce4e8e50 DEOPT PACKING pc=0x00000235df1ec658 sp=0x00000042cdffc5a0
Event: 18.497 Thread 0x00000235ce4e8e50 DEOPT UNPACKING pc=0x00000235deae2b43 sp=0x00000042cdffba30 mode 1
Event: 18.929 Thread 0x00000235ce4e8e50 DEOPT PACKING pc=0x00000235df1ec658 sp=0x00000042cdffced0
Event: 18.929 Thread 0x00000235ce4e8e50 DEOPT UNPACKING pc=0x00000235deae2b43 sp=0x00000042cdffc360 mode 1
Event: 18.930 Thread 0x00000235ce4e8e50 DEOPT PACKING pc=0x00000235df1ec658 sp=0x00000042cdffced0
Event: 18.930 Thread 0x00000235ce4e8e50 DEOPT UNPACKING pc=0x00000235deae2b43 sp=0x00000042cdffc360 mode 1

Classes unloaded (0 events):
No events

Classes redefined (0 events):
No events

Internal exceptions (20 events):
Event: 9.545 Thread 0x00000235ce4e8e50 Exception <a 'java/lang/NoSuchMethodError'{0x0000000084d70278}: 'void java.lang.invoke.DirectMethodHandle$Holder.invokeStatic(java.lang.Object, java.lang.Object, java.lang.Object, int, java.lang.Object)'> (0x0000000084d70278) 
thrown [s\open\src\hotspot\share\interpreter\linkResolver.cpp, line 759]
Event: 9.547 Thread 0x00000235ce4e8e50 Exception <a 'java/lang/NoSuchMethodError'{0x0000000084d77780}: 'java.lang.Object java.lang.invoke.DirectMethodHandle$Holder.newInvokeSpecial(java.lang.Object, java.lang.Object, java.lang.Object, int)'> (0x0000000084d77780) 
thrown [s\open\src\hotspot\share\interpreter\linkResolver.cpp, line 759]
Event: 9.548 Thread 0x00000235ce4e8e50 Exception <a 'java/lang/NoSuchMethodError'{0x0000000084d7ba68}: 'java.lang.Object java.lang.invoke.DirectMethodHandle$Holder.invokeSpecial(java.lang.Object, java.lang.Object, java.lang.Object, java.lang.Object, int)'> (0x0000000084d7ba68) 
thrown [s\open\src\hotspot\share\interpreter\linkResolver.cpp, line 759]
Event: 9.550 Thread 0x00000235ce4e8e50 Exception <a 'java/lang/NoSuchMethodError'{0x0000000084d7f630}: 'java.lang.Object java.lang.invoke.Invokers$Holder.linkToTargetMethod(java.lang.Object, java.lang.Object, int, java.lang.Object)'> (0x0000000084d7f630) 
thrown [s\open\src\hotspot\share\interpreter\linkResolver.cpp, line 759]
Event: 9.873 Thread 0x00000235ce4e8e50 Exception <a 'java/lang/NoSuchMethodError'{0x0000000084730f78}: 'java.lang.Object java.lang.invoke.DirectMethodHandle$Holder.invokeStaticInit(java.lang.Object, int, int, int, int)'> (0x0000000084730f78) 
thrown [s\open\src\hotspot\share\interpreter\linkResolver.cpp, line 759]
Event: 10.036 Thread 0x00000235ce4e8e50 Exception <a 'java/lang/NoSuchMethodError'{0x0000000084655978}: 'java.lang.Object java.lang.invoke.DirectMethodHandle$Holder.invokeStaticInit(java.lang.Object, java.lang.Object, int, int, int, int)'> (0x0000000084655978) 
thrown [s\open\src\hotspot\share\interpreter\linkResolver.cpp, line 759]
Event: 10.532 Thread 0x00000235ce4e8e50 Exception <a 'java/lang/NoSuchMethodError'{0x00000000840156e0}: 'java.lang.Object java.lang.invoke.DirectMethodHandle$Holder.invokeSpecial(java.lang.Object, java.lang.Object, long, java.lang.Object, java.lang.Object, java.lang.Object, java.lang.Object, java.lang.Object, java.lang.Object)'> (0x00000000840156e0) 
thrown [s\open\src\hotspot\share\interpreter\linkResolver.cpp, line 759]
Event: 10.532 Thread 0x00000235ce4e8e50 Exception <a 'java/lang/NoSuchMethodError'{0x000000008401a208}: 'java.lang.Object java.lang.invoke.DelegatingMethodHandle$Holder.reinvoke_L(java.lang.Object, long, java.lang.Object, java.lang.Object, java.lang.Object, java.lang.Object, java.lang.Object, java.lang.Object)'> (0x000000008401a208) 
thrown [s\open\src\hotspot\share\interpreter\linkResolver.cpp, line 759]
Event: 10.667 Thread 0x00000235ce4e8e50 Implicit null exception at 0x00000235df0c9be3 to 0x00000235df0cb198
Event: 10.799 Thread 0x00000235ce4e8e50 Exception <a 'java/io/FileNotFoundException'{0x0000000089dd4958}> (0x0000000089dd4958) 
thrown [s\open\src\hotspot\share\prims\jni.cpp, line 516]
Event: 10.933 Thread 0x00000235ce4e8e50 Exception <a 'java/lang/NoSuchMethodError'{0x0000000085db9750}: 'int java.lang.invoke.DirectMethodHandle$Holder.invokeInterface(java.lang.Object, java.lang.Object, java.lang.Object, java.lang.Object)'> (0x0000000085db9750) 
thrown [s\open\src\hotspot\share\interpreter\linkResolver.cpp, line 759]
Event: 11.198 Thread 0x00000235ce4e8e50 Exception <a 'java/lang/NoSuchMethodError'{0x0000000085af77f8}: 'long java.lang.invoke.DirectMethodHandle$Holder.invokeVirtual(java.lang.Object, java.lang.Object)'> (0x0000000085af77f8) 
thrown [s\open\src\hotspot\share\interpreter\linkResolver.cpp, line 759]
Event: 11.784 Thread 0x00000235ce4e8e50 Implicit null exception at 0x00000235df1cfb77 to 0x00000235df1cffc0
Event: 11.797 Thread 0x00000235ce4e8e50 Exception <a 'sun/nio/fs/WindowsException'{0x000000008489a9d8}> (0x000000008489a9d8) 
thrown [s\open\src\hotspot\share\prims\jni.cpp, line 516]
Event: 13.694 Thread 0x00000235ce4e8e50 Exception <a 'java/lang/NoSuchMethodError'{0x000000008446aa00}: 'int java.lang.invoke.DirectMethodHandle$Holder.invokeStatic(java.lang.Object)'> (0x000000008446aa00) 
thrown [s\open\src\hotspot\share\interpreter\linkResolver.cpp, line 759]
Event: 14.925 Thread 0x00000235ce4e8e50 Exception <a 'java/lang/NoSuchMethodError'{0x0000000084a4b4f8}: 'java.lang.Object java.lang.invoke.DirectMethodHandle$Holder.invokeStaticInit(java.lang.Object, java.lang.Object, java.lang.Object, java.lang.Object)'> (0x0000000084a4b4f8) 
thrown [s\open\src\hotspot\share\interpreter\linkResolver.cpp, line 759]
Event: 16.702 Thread 0x00000235ce4e8e50 Exception <a 'java/lang/IncompatibleClassChangeError'{0x0000000085f77e68}: Found class java.lang.Object, but interface was expected> (0x0000000085f77e68) 
thrown [s\open\src\hotspot\share\interpreter\linkResolver.cpp, line 826]
Event: 16.758 Thread 0x00000235ce4e8e50 Exception <a 'java/lang/NoSuchMethodError'{0x0000000085e5e158}: 'java.lang.Object java.lang.invoke.DirectMethodHandle$Holder.invokeStatic(java.lang.Object, java.lang.Object, int, java.lang.Object)'> (0x0000000085e5e158) 
thrown [s\open\src\hotspot\share\interpreter\linkResolver.cpp, line 759]
Event: 16.759 Thread 0x00000235ce4e8e50 Exception <a 'java/lang/NoSuchMethodError'{0x0000000085e61bf0}: 'java.lang.Object java.lang.invoke.DirectMethodHandle$Holder.invokeStaticInit(java.lang.Object, java.lang.Object, int, java.lang.Object)'> (0x0000000085e61bf0) 
thrown [s\open\src\hotspot\share\interpreter\linkResolver.cpp, line 759]
Event: 18.865 Thread 0x00000235ce4e8e50 Exception <a 'java/lang/NoSuchMethodError'{0x0000000086a0af58}: 'void java.lang.invoke.DirectMethodHandle$Holder.invokeStaticInit(java.lang.Object, int, java.lang.Object, java.lang.Object, java.lang.Object, java.lang.Object)'> (0x0000000086a0af58) 
thrown [s\open\src\hotspot\share\interpreter\linkResolver.cpp, line 759]

VM Operations (20 events):
Event: 15.530 Executing VM operation: Cleanup
Event: 15.531 Executing VM operation: Cleanup done
Event: 15.539 Executing VM operation: G1CollectForAllocation
Event: 15.543 Executing VM operation: G1CollectForAllocation done
Event: 16.557 Executing VM operation: Cleanup
Event: 16.558 Executing VM operation: Cleanup done
Event: 17.567 Executing VM operation: Cleanup
Event: 17.569 Executing VM operation: Cleanup done
Event: 18.111 Executing VM operation: HandshakeAllThreads
Event: 18.111 Executing VM operation: HandshakeAllThreads done
Event: 18.145 Executing VM operation: HandshakeAllThreads
Event: 18.145 Executing VM operation: HandshakeAllThreads done
Event: 18.223 Executing VM operation: HandshakeAllThreads
Event: 18.223 Executing VM operation: HandshakeAllThreads done
Event: 18.266 Executing VM operation: HandshakeAllThreads
Event: 18.267 Executing VM operation: HandshakeAllThreads done
Event: 18.498 Executing VM operation: ICBufferFull
Event: 18.498 Executing VM operation: ICBufferFull done
Event: 18.581 Executing VM operation: G1CollectForAllocation
Event: 18.589 Executing VM operation: G1CollectForAllocation done

Events (20 events):
Event: 18.979 loading class org/hibernate/metamodel/mapping/EmbeddableMappingType
Event: 18.979 loading class org/hibernate/metamodel/mapping/EmbeddableMappingType done
Event: 18.980 loading class org/hibernate/metamodel/mapping/internal/BasicAttributeMapping
Event: 18.980 loading class org/hibernate/metamodel/mapping/internal/BasicAttributeMapping done
Event: 18.990 loading class org/hibernate/metamodel/mapping/internal/ImmutableAttributeMappingList$Builder
Event: 18.990 loading class org/hibernate/metamodel/mapping/internal/ImmutableAttributeMappingList$Builder done
Event: 18.990 loading class org/hibernate/metamodel/mapping/AttributeMappingsList
Event: 18.990 loading class org/hibernate/metamodel/mapping/AttributeMappingsList done
Event: 18.991 loading class org/hibernate/metamodel/mapping/internal/ImmutableAttributeMappingList
Event: 18.991 loading class org/hibernate/metamodel/mapping/internal/ImmutableAttributeMappingList done
Event: 18.991 loading class org/hibernate/metamodel/mapping/internal/ImmutableAttributeMappingsMap$AttributeMappingIterable
Event: 18.991 loading class org/hibernate/metamodel/mapping/internal/ImmutableAttributeMappingsMap$AttributeMappingIterable done
Event: 18.991 loading class org/hibernate/metamodel/mapping/internal/ImmutableAttributeMappingsMap$AttributeMappingIterator
Event: 18.991 loading class org/hibernate/metamodel/mapping/internal/ImmutableAttributeMappingsMap$AttributeMappingIterator done
Event: 18.992 loading class org/hibernate/persister/entity/AbstractEntityPersister
Event: 18.992 loading class org/hibernate/persister/entity/AbstractEntityPersister done
Event: 18.993 Thread 0x00000235f4adeb00 Thread exited: 0x00000235f4adeb00
Event: 18.993 Thread 0x00000235f4adc080 Thread exited: 0x00000235f4adc080
Event: 18.994 loading class org/hibernate/mapping/Any
Event: 18.994 loading class org/hibernate/mapping/Any done


Dynamic libraries:
0x00007ff78ba10000 - 0x00007ff78ba20000 	C:\Program Files\Java\jdk-17\bin\java.exe
0x00007ff9915d0000 - 0x00007ff9917e6000 	C:\WINDOWS\SYSTEM32\ntdll.dll
0x00007ff990b30000 - 0x00007ff990bf4000 	C:\WINDOWS\System32\KERNEL32.DLL
0x00007ff98ee80000 - 0x00007ff98f227000 	C:\WINDOWS\System32\KERNELBASE.dll
0x00007ff98eab0000 - 0x00007ff98ebc1000 	C:\WINDOWS\System32\ucrtbase.dll
0x00007ff98bb90000 - 0x00007ff98bbab000 	C:\Program Files\Java\jdk-17\bin\VCRUNTIME140.dll
0x00007ff983500000 - 0x00007ff983519000 	C:\Program Files\Java\jdk-17\bin\jli.dll
0x00007ff990a10000 - 0x00007ff990ac2000 	C:\WINDOWS\System32\ADVAPI32.dll
0x00007ff9910d0000 - 0x00007ff991177000 	C:\WINDOWS\System32\msvcrt.dll
0x00007ff98f7f0000 - 0x00007ff98f898000 	C:\WINDOWS\System32\sechost.dll
0x00007ff98f2d0000 - 0x00007ff98f2f8000 	C:\WINDOWS\System32\bcrypt.dll
0x00007ff990f90000 - 0x00007ff9910a5000 	C:\WINDOWS\System32\RPCRT4.dll
0x00007ff9911b0000 - 0x00007ff99135e000 	C:\WINDOWS\System32\USER32.dll
0x00007ff974b40000 - 0x00007ff974dd3000 	C:\WINDOWS\WinSxS\amd64_microsoft.windows.common-controls_6595b64144ccf1df_6.0.22621.3235_none_270f74e173860f98\COMCTL32.dll
0x00007ff98f230000 - 0x00007ff98f256000 	C:\WINDOWS\System32\win32u.dll
0x00007ff991180000 - 0x00007ff9911a9000 	C:\WINDOWS\System32\GDI32.dll
0x00007ff98e990000 - 0x00007ff98eaa9000 	C:\WINDOWS\System32\gdi32full.dll
0x00007ff98e8f0000 - 0x00007ff98e98a000 	C:\WINDOWS\System32\msvcp_win.dll
0x00007ff987e40000 - 0x00007ff987e4a000 	C:\WINDOWS\SYSTEM32\VERSION.dll
0x00007ff990ae0000 - 0x00007ff990b11000 	C:\WINDOWS\System32\IMM32.DLL
0x00007ff98bc40000 - 0x00007ff98bc4c000 	C:\Program Files\Java\jdk-17\bin\vcruntime140_1.dll
0x00007ff96af70000 - 0x00007ff96affe000 	C:\Program Files\Java\jdk-17\bin\msvcp140.dll
0x00007ff91bca0000 - 0x00007ff91c881000 	C:\Program Files\Java\jdk-17\bin\server\jvm.dll
0x00007ff991360000 - 0x00007ff991368000 	C:\WINDOWS\System32\PSAPI.DLL
0x00007ff988de0000 - 0x00007ff988de9000 	C:\WINDOWS\SYSTEM32\WSOCK32.dll
0x00007ff990990000 - 0x00007ff990a01000 	C:\WINDOWS\System32\WS2_32.dll
0x00007ff984db0000 - 0x00007ff984de4000 	C:\WINDOWS\SYSTEM32\WINMM.dll
0x00007ff98d890000 - 0x00007ff98d8a8000 	C:\WINDOWS\SYSTEM32\kernel.appcore.dll
0x00007ff98bb80000 - 0x00007ff98bb8a000 	C:\Program Files\Java\jdk-17\bin\jimage.dll
0x00007ff979b40000 - 0x00007ff979d73000 	C:\WINDOWS\SYSTEM32\DBGHELP.DLL
0x00007ff990c00000 - 0x00007ff990f88000 	C:\WINDOWS\System32\combase.dll
0x00007ff98fce0000 - 0x00007ff98fdb7000 	C:\WINDOWS\System32\OLEAUT32.dll
0x00007ff9792c0000 - 0x00007ff9792f2000 	C:\WINDOWS\SYSTEM32\dbgcore.DLL
0x00007ff98ee00000 - 0x00007ff98ee79000 	C:\WINDOWS\System32\bcryptPrimitives.dll
0x00007ff96a320000 - 0x00007ff96a35b000 	C:\Program Files\Java\jdk-17\bin\jdwp.dll
0x00007ff9873b0000 - 0x00007ff9873be000 	C:\Program Files\Java\jdk-17\bin\instrument.dll
0x00007ff981510000 - 0x00007ff981535000 	C:\Program Files\Java\jdk-17\bin\java.dll
0x00007ff981970000 - 0x00007ff981988000 	C:\Program Files\Java\jdk-17\bin\zip.dll
0x00007ff965130000 - 0x00007ff965207000 	C:\Program Files\Java\jdk-17\bin\jsvml.dll
0x00007ff990130000 - 0x00007ff99098c000 	C:\WINDOWS\System32\SHELL32.dll
0x00007ff98c800000 - 0x00007ff98d0f9000 	C:\WINDOWS\SYSTEM32\windows.storage.dll
0x00007ff98c6c0000 - 0x00007ff98c7fe000 	C:\WINDOWS\SYSTEM32\wintypes.dll
0x00007ff991470000 - 0x00007ff991563000 	C:\WINDOWS\System32\SHCORE.dll
0x00007ff98fb20000 - 0x00007ff98fb7e000 	C:\WINDOWS\System32\shlwapi.dll
0x00007ff98e820000 - 0x00007ff98e841000 	C:\WINDOWS\SYSTEM32\profapi.dll
0x00007ff9818d0000 - 0x00007ff9818dc000 	C:\Program Files\Java\jdk-17\bin\dt_socket.dll
0x00007ff98d3a0000 - 0x00007ff98d3cd000 	C:\WINDOWS\SYSTEM32\IPHLPAPI.DLL
0x00007ff98de40000 - 0x00007ff98dea9000 	C:\WINDOWS\system32\mswsock.dll
0x00007ff983140000 - 0x00007ff983159000 	C:\Program Files\Java\jdk-17\bin\net.dll
0x00007ff987190000 - 0x00007ff9872c6000 	C:\WINDOWS\SYSTEM32\WINHTTP.dll
0x00007ff981b30000 - 0x00007ff981b46000 	C:\Program Files\Java\jdk-17\bin\nio.dll
0x00007ff9806e0000 - 0x00007ff9806ee000 	C:\Program Files\Java\jdk-17\bin\sunmscapi.dll
0x00007ff98ebd0000 - 0x00007ff98ed37000 	C:\WINDOWS\System32\CRYPT32.dll
0x00007ff98e2b0000 - 0x00007ff98e2de000 	C:\WINDOWS\SYSTEM32\ncrypt.dll
0x00007ff98e270000 - 0x00007ff98e2a7000 	C:\WINDOWS\SYSTEM32\NTASN1.dll
0x0000000180000000 - 0x000000018034c000 	D:\Java\Server\apache-tomcat-10.1.15\bin\tcnative-1.dll
0x00007ff98e190000 - 0x00007ff98e1ab000 	C:\WINDOWS\SYSTEM32\CRYPTSP.dll
0x00007ff98d850000 - 0x00007ff98d885000 	C:\WINDOWS\system32\rsaenh.dll
0x00007ff98dee0000 - 0x00007ff98df08000 	C:\WINDOWS\SYSTEM32\USERENV.dll
0x00007ff98e170000 - 0x00007ff98e17c000 	C:\WINDOWS\SYSTEM32\CRYPTBASE.dll
0x00007ff990b20000 - 0x00007ff990b29000 	C:\WINDOWS\System32\NSI.dll
0x00007ff986c30000 - 0x00007ff986c49000 	C:\WINDOWS\SYSTEM32\dhcpcsvc6.DLL
0x00007ff986bd0000 - 0x00007ff986bef000 	C:\WINDOWS\SYSTEM32\dhcpcsvc.DLL
0x00007ff98d3d0000 - 0x00007ff98d4c9000 	C:\WINDOWS\SYSTEM32\DNSAPI.dll
0x00007ff9818c0000 - 0x00007ff9818ca000 	C:\Program Files\Java\jdk-17\bin\management.dll
0x00007ff9818b0000 - 0x00007ff9818bb000 	C:\Program Files\Java\jdk-17\bin\management_ext.dll
0x00007ff981ba0000 - 0x00007ff981bb0000 	C:\Program Files\Java\jdk-17\bin\verify.dll
0x00007ff985c50000 - 0x00007ff985c5a000 	C:\Windows\System32\rasadhlp.dll
0x00007ff985e40000 - 0x00007ff985ec3000 	C:\WINDOWS\System32\fwpuclnt.dll

dbghelp: loaded successfully - version: 4.0.5 - missing functions: none
symbol engine: initialized successfully - sym options: 0x614 - pdb path: .;C:\Program Files\Java\jdk-17\bin;C:\WINDOWS\SYSTEM32;C:\WINDOWS\WinSxS\amd64_microsoft.windows.common-controls_6595b64144ccf1df_6.0.22621.3235_none_270f74e173860f98;C:\Program Files\Java\jdk-17\bin\server;D:\Java\Server\apache-tomcat-10.1.15\bin

VM Arguments:
jvm_args: -agentlib:jdwp=transport=dt_socket,address=127.0.0.1:64837,suspend=y,server=n -javaagent:C:\Users\Account_Test\AppData\Local\JetBrains\IdeaIC2023.3\captureAgent\debugger-agent.jar -Dfile.encoding=UTF-8 
java_command: com.example.project.ProjectApplication
java_class_path (initial): D:\Java\workspace\project\target\classes;C:\Users\Account_Test\.m2\repository\org\springframework\boot\spring-boot-starter-data-jpa\3.2.5\spring-boot-starter-data-jpa-3.2.5.jar;C:\Users\Account_Test\.m2\repository\org\springframework\boot\spring-boot-starter-aop\3.2.5\spring-boot-starter-aop-3.2.5.jar;C:\Users\Account_Test\.m2\repository\org\springframework\spring-aop\6.1.6\spring-aop-6.1.6.jar;C:\Users\Account_Test\.m2\repository\org\aspectj\aspectjweaver\1.9.22\aspectjweaver-1.9.22.jar;C:\Users\Account_Test\.m2\repository\org\springframework\boot\spring-boot-starter-jdbc\3.2.5\spring-boot-starter-jdbc-3.2.5.jar;C:\Users\Account_Test\.m2\repository\com\zaxxer\HikariCP\5.0.1\HikariCP-5.0.1.jar;C:\Users\Account_Test\.m2\repository\org\springframework\spring-jdbc\6.1.6\spring-jdbc-6.1.6.jar;C:\Users\Account_Test\.m2\repository\org\hibernate\orm\hibernate-core\6.4.4.Final\hibernate-core-6.4.4.Final.jar;C:\Users\Account_Test\.m2\repository\jakarta\persistence\jakarta.persistence-api\3.1.0\jakarta.persistence-api-3.1.0.jar;C:\Users\Account_Test\.m2\repository\jakarta\transaction\jakarta.transaction-api\2.0.1\jakarta.transaction-api-2.0.1.jar;C:\Users\Account_Test\.m2\repository\org\jboss\logging\jboss-logging\3.5.3.Final\jboss-logging-3.5.3.Final.jar;C:\Users\Account_Test\.m2\repository\org\hibernate\common\hibernate-commons-annotations\6.0.6.Final\hibernate-commons-annotations-6.0.6.Final.jar;C:\Users\Account_Test\.m2\repository\io\smallrye\jandex\3.1.2\jandex-3.1.2.jar;C:\Users\Account_Test\.m2\repository\com\fasterxml\classmate\1.6.0\classmate-1.6.0.jar;C:\Users\Account_Test\.m2\repository\net\bytebuddy\byte-buddy\1.14.13\byte-buddy-1.14.13.jar;C:\Users\Account_Test\.m2\repository\org\glassfish\jaxb\jaxb-runtime\4.0.5\jaxb-runtime-4.0.5.jar;C:\Users\Account_Test\.m2\repository\org\glassfish\jaxb\jaxb-core\4.0.5\jaxb-core-4.0.5.jar;C:\Users\Account_Test\.m2\repository\org\eclipse\angus\angus-activation\2.0.2\angus-activation-2.0.2.jar;C:\Us
Launcher Type: SUN_STANDARD

[Global flags]
     intx CICompilerCount                          = 4                                         {product} {ergonomic}
     uint ConcGCThreads                            = 2                                         {product} {ergonomic}
     uint G1ConcRefinementThreads                  = 8                                         {product} {ergonomic}
   size_t G1HeapRegionSize                         = 1048576                                   {product} {ergonomic}
    uintx GCDrainStackTargetSize                   = 64                                        {product} {ergonomic}
   size_t InitialHeapSize                          = 132120576                                 {product} {ergonomic}
   size_t MarkStackSize                            = 4194304                                   {product} {ergonomic}
   size_t MaxHeapSize                              = 2113929216                                {product} {ergonomic}
   size_t MaxNewSize                               = 1267728384                                {product} {ergonomic}
   size_t MinHeapDeltaBytes                        = 1048576                                   {product} {ergonomic}
   size_t MinHeapSize                              = 8388608                                   {product} {ergonomic}
    uintx NonNMethodCodeHeapSize                   = 5839372                                {pd product} {ergonomic}
    uintx NonProfiledCodeHeapSize                  = 122909434                              {pd product} {ergonomic}
    uintx ProfiledCodeHeapSize                     = 122909434                              {pd product} {ergonomic}
    uintx ReservedCodeCacheSize                    = 251658240                              {pd product} {ergonomic}
     bool SegmentedCodeCache                       = true                                      {product} {ergonomic}
   size_t SoftMaxHeapSize                          = 2113929216                             {manageable} {ergonomic}
     bool UseCompressedClassPointers               = true                           {product lp64_product} {ergonomic}
     bool UseCompressedOops                        = true                           {product lp64_product} {ergonomic}
     bool UseG1GC                                  = true                                      {product} {ergonomic}
     bool UseLargePagesIndividualAllocation        = false                                  {pd product} {ergonomic}

Logging:
Log output configuration:
 #0: stdout all=warning uptime,level,tags
 #1: stderr all=off uptime,level,tags

Environment Variables:
JAVA_HOME=C:\Program Files\Java\jdk-17
PATH=C:\Program Files\Common Files\Oracle\Java\javapath;C:\Program Files (x86)\VMware\VMware Workstation\bin\;C:\WINDOWS\system32;C:\WINDOWS;C:\WINDOWS\System32\Wbem;C:\WINDOWS\System32\WindowsPowerShell\v1.0\;C:\WINDOWS\System32\OpenSSH\;C:\Program Files\Git\cmd;C:\Program Files (x86)\Microsoft SQL Server\160\Tools\Binn\;C:\Program Files\Microsoft SQL Server\160\Tools\Binn\;C:\Program Files\Microsoft SQL Server\Client SDK\ODBC\170\Tools\Binn\;C:\Program Files\Microsoft SQL Server\160\DTS\Binn\;C:\Program Files (x86)\Microsoft SQL Server\160\DTS\Binn\;C:\Program Files\Azure Data Studio\bin;C:\Users\Account_Test\Anaconda3\Scripts;C:\Program Files\Java\jdk-17\bin;D:\Java\Server\apache-maven-3.9.5\bin;D:\Java\Server\apache-tomcat-10.1.15\bin;C:\Program Files\MongoDB\Server\6.0\bin\;C:\Program Files\MongoDB\Tools\100\bin\;;C:\Program Files\Docker\Docker\resources\bin;C:\Users\Account_Test\AppData\Local\Microsoft\WindowsApps;C:\Program Files\Azure Data Studio\bin;D:\Java\Server\apache-maven-3.9.4\bin;C:\Users\Account_Test\Anaconda3\envs\;C:\Program Files\Java\jdk-17\bin;C:\Users\Account_Test\AppData\Local\Programs\Microsoft VS Code\bin;C:\Users\Account_Test\AppData\Local\Programs\mongosh\;C:\Users\Account_Test\AppData\Local\Google\Cloud SDK\google-cloud-sdk\bin
USERNAME=Account_Test
OS=Windows_NT
PROCESSOR_IDENTIFIER=Intel64 Family 6 Model 142 Stepping 10, GenuineIntel



---------------  S Y S T E M  ---------------

OS:
 Windows 11 , 64 bit Build 22621 (10.0.22621.3374)
OS uptime: 0 days 14:44 hours
Hyper-V role detected

CPU: total 8 (initial active 8) (4 cores per cpu, 2 threads per core) family 6 model 142 stepping 10 microcode 0xe0, cx8, cmov, fxsr, ht, mmx, 3dnowpref, sse, sse2, sse3, ssse3, sse4.1, sse4.2, popcnt, lzcnt, tsc, tscinvbit, avx, avx2, aes, erms, clmul, bmi1, bmi2, adx, fma, vzeroupper, clflush, clflushopt, hv

Memory: 4k page, system-wide physical 8056M (1123M free)
TotalPageFile size 16248M (AvailPageFile size 3M)
current process WorkingSet (physical memory assigned to process): 285M, peak: 285M
current process commit charge ("private bytes"): 323M, peak: 328M

vm_info: Java HotSpot(TM) 64-Bit Server VM (17.0.9+11-LTS-201) for windows-amd64 JRE (17.0.9+11-LTS-201), built on Oct 10 2023 23:16:06 by "mach5one" with MS VC++ 17.1 (VS2022)

END.
